2015-10-20 13:00:29,529 [Thread-12] ERROR StackTrace  - Full Stack Trace:
org.springframework.beans.factory.BeanCreationException: Error creating bean with name 'org.grails.internal.SESSION_FACTORY_HOLDER': Cannot create inner bean '(inner bean)#588e78a1' of type [org.codehaus.groovy.grails.orm.hibernate.ConfigurableLocalSessionFactoryBean] while setting bean property 'sessionFactory'; nested exception is org.springframework.beans.factory.BeanCreationException: Error creating bean with name '(inner bean)#588e78a1': Invocation of init method failed; nested exception is org.hibernate.MappingException: An association from the table address refers to an unmapped class: org.mycompany.Person
	at org.springframework.beans.factory.support.BeanDefinitionValueResolver.resolveInnerBean(BeanDefinitionValueResolver.java:313)
	at org.springframework.beans.factory.support.BeanDefinitionValueResolver.resolveValueIfNecessary(BeanDefinitionValueResolver.java:129)
	at org.springframework.beans.factory.support.AbstractAutowireCapableBeanFactory.applyPropertyValues(AbstractAutowireCapableBeanFactory.java:1477)
	at org.springframework.beans.factory.support.AbstractAutowireCapableBeanFactory.populateBean(AbstractAutowireCapableBeanFactory.java:1222)
	at org.springframework.beans.factory.support.AbstractAutowireCapableBeanFactory.doCreateBean(AbstractAutowireCapableBeanFactory.java:537)
	at org.springframework.beans.factory.support.AbstractAutowireCapableBeanFactory.createBean(AbstractAutowireCapableBeanFactory.java:476)
	at org.springframework.beans.factory.support.AbstractBeanFactory$1.getObject(AbstractBeanFactory.java:303)
	at org.springframework.beans.factory.support.DefaultSingletonBeanRegistry.getSingleton(DefaultSingletonBeanRegistry.java:230)
	at org.springframework.beans.factory.support.AbstractBeanFactory.doGetBean(AbstractBeanFactory.java:299)
	at org.springframework.beans.factory.support.AbstractBeanFactory.getBean(AbstractBeanFactory.java:199)
	at org.springframework.context.support.AbstractApplicationContext.getBean(AbstractApplicationContext.java:962)
	at org.codehaus.groovy.grails.orm.hibernate.SessionFactoryProxy.getCurrentSessionFactory(SessionFactoryProxy.java:126)
	at org.codehaus.groovy.grails.orm.hibernate.GrailsHibernateTemplate.<init>(GrailsHibernateTemplate.java:79)
	at org.codehaus.groovy.grails.orm.hibernate.GrailsHibernateTemplate.<init>(GrailsHibernateTemplate.java:98)
	at org.codehaus.groovy.grails.orm.hibernate.metaclass.AbstractStaticPersistentMethod.<init>(AbstractStaticPersistentMethod.java:59)
	at org.codehaus.groovy.grails.orm.hibernate.metaclass.AbstractClausedStaticPersistentMethod.<init>(AbstractClausedStaticPersistentMethod.java:402)
	at org.codehaus.groovy.grails.orm.hibernate.metaclass.FindAllByPersistentMethod.<init>(FindAllByPersistentMethod.java:63)
	at org.codehaus.groovy.grails.orm.hibernate.HibernateGormEnhancer.createDynamicFinders(HibernateGormEnhancer.groovy:53)
	at org.grails.datastore.gorm.GormEnhancer.getFinders(GormEnhancer.groovy:83)
	at org.codehaus.groovy.grails.orm.hibernate.AbstractHibernateGormEnhancer.<init>(AbstractHibernateGormEnhancer.groovy:45)
	at org.codehaus.groovy.grails.orm.hibernate.HibernateGormEnhancer.<init>(HibernateGormEnhancer.groovy:47)
	at org.codehaus.groovy.grails.orm.hibernate.cfg.HibernateUtils.enhanceSessionFactory(HibernateUtils.groovy:114)
	at org.codehaus.groovy.grails.orm.hibernate.cfg.HibernateUtils.enhanceSessionFactories(HibernateUtils.groovy:95)
	at org.codehaus.groovy.grails.orm.hibernate.cfg.HibernateUtils$enhanceSessionFactories$0.call(Unknown Source)
	at org.codehaus.groovy.runtime.callsite.CallSiteArray.defaultCall(CallSiteArray.java:48)
	at org.codehaus.groovy.runtime.callsite.AbstractCallSite.call(AbstractCallSite.java:113)
	at org.codehaus.groovy.runtime.callsite.AbstractCallSite.call(AbstractCallSite.java:141)
	at grails.plugin.hibernate4.HibernatePluginSupport$__clinit__closure2_closure13.doCall(HibernatePluginSupport.groovy:431)
	at grails.plugin.hibernate4.HibernatePluginSupport$__clinit__closure2_closure13.doCall(HibernatePluginSupport.groovy)
	at sun.reflect.NativeMethodAccessorImpl.invoke0(Native Method)
	at sun.reflect.NativeMethodAccessorImpl.invoke(NativeMethodAccessorImpl.java:57)
	at sun.reflect.DelegatingMethodAccessorImpl.invoke(DelegatingMethodAccessorImpl.java:43)
	at java.lang.reflect.Method.invoke(Method.java:606)
	at org.springsource.loaded.ri.ReflectiveInterceptor.jlrMethodInvoke(ReflectiveInterceptor.java:1426)
	at org.codehaus.groovy.runtime.callsite.PogoMetaMethodSite$PogoCachedMethodSiteNoUnwrapNoCoerce.invoke(PogoMetaMethodSite.java:210)
	at org.codehaus.groovy.runtime.callsite.PogoMetaMethodSite.call(PogoMetaMethodSite.java:71)
	at org.codehaus.groovy.runtime.callsite.CallSiteArray.defaultCall(CallSiteArray.java:48)
	at org.codehaus.groovy.runtime.callsite.AbstractCallSite.call(AbstractCallSite.java:113)
	at org.codehaus.groovy.runtime.callsite.AbstractCallSite.call(AbstractCallSite.java:117)
	at grails.plugin.hibernate4.HibernatePluginSupport$__clinit__closure2.doCall(HibernatePluginSupport.groovy:452)
	at sun.reflect.NativeMethodAccessorImpl.invoke0(Native Method)
	at sun.reflect.NativeMethodAccessorImpl.invoke(NativeMethodAccessorImpl.java:57)
	at sun.reflect.DelegatingMethodAccessorImpl.invoke(DelegatingMethodAccessorImpl.java:43)
	at java.lang.reflect.Method.invoke(Method.java:606)
	at org.springsource.loaded.ri.ReflectiveInterceptor.jlrMethodInvoke(ReflectiveInterceptor.java:1426)
	at org.codehaus.groovy.reflection.CachedMethod.invoke(CachedMethod.java:93)
	at groovy.lang.MetaMethod.doMethodInvoke(MetaMethod.java:325)
	at groovy.lang.MetaClassImpl.invokeMethod(MetaClassImpl.java:1210)
	at groovy.lang.ExpandoMetaClass.invokeMethod(ExpandoMetaClass.java:1123)
	at groovy.lang.MetaClassImpl.invokeMethod(MetaClassImpl.java:1019)
	at groovy.lang.Closure.call(Closure.java:426)
	at org.codehaus.groovy.grails.plugins.DefaultGrailsPlugin.invokeOnChangeListener(DefaultGrailsPlugin.java:767)
	at org.codehaus.groovy.grails.plugins.DefaultGrailsPlugin.notifyOfEvent(DefaultGrailsPlugin.java:716)
	at org.codehaus.groovy.grails.plugins.DefaultGrailsPluginManager.informObservers(DefaultGrailsPluginManager.java:242)
	at org.codehaus.groovy.grails.plugins.DefaultGrailsPlugin.notifyOfEvent(DefaultGrailsPlugin.java:732)
	at org.codehaus.groovy.grails.plugins.AbstractGrailsPluginManager.informOfClassChange(AbstractGrailsPluginManager.java:408)
	at org.codehaus.groovy.grails.plugins.AbstractGrailsPluginManager.informOfFileChange(AbstractGrailsPluginManager.java:366)
	at org.codehaus.groovy.grails.project.compiler.GrailsProjectWatcher.informPluginManager(GrailsProjectWatcher.java:226)
	at org.codehaus.groovy.grails.project.compiler.GrailsProjectWatcher.access$400(GrailsProjectWatcher.java:48)
	at org.codehaus.groovy.grails.project.compiler.GrailsProjectWatcher$1.onNew(GrailsProjectWatcher.java:152)
	at org.codehaus.groovy.grails.compiler.AbstractDirectoryWatcher.fireOnNew(AbstractDirectoryWatcher.java:76)
	at org.codehaus.groovy.grails.compiler.WatchServiceDirectoryWatcher.run(WatchServiceDirectoryWatcher.java:104)
	at org.codehaus.groovy.grails.compiler.DirectoryWatcher.run(DirectoryWatcher.java:154)
	at org.codehaus.groovy.grails.project.compiler.GrailsProjectWatcher.run(GrailsProjectWatcher.java:161)
	at java_lang_Runnable$run.call(Unknown Source)
	at org.codehaus.groovy.runtime.callsite.CallSiteArray.defaultCall(CallSiteArray.java:48)
	at org.codehaus.groovy.runtime.callsite.AbstractCallSite.call(AbstractCallSite.java:113)
	at org.codehaus.groovy.runtime.callsite.AbstractCallSite.call(AbstractCallSite.java:117)
	at org.codehaus.groovy.grails.cli.fork.ForkedGrailsProcess.startProjectWatcher(ForkedGrailsProcess.groovy:748)
	at sun.reflect.NativeMethodAccessorImpl.invoke0(Native Method)
	at sun.reflect.NativeMethodAccessorImpl.invoke(NativeMethodAccessorImpl.java:57)
	at sun.reflect.DelegatingMethodAccessorImpl.invoke(DelegatingMethodAccessorImpl.java:43)
	at java.lang.reflect.Method.invoke(Method.java:606)
	at org.springsource.loaded.ri.ReflectiveInterceptor.jlrMethodInvoke(ReflectiveInterceptor.java:1426)
	at org.codehaus.groovy.reflection.CachedMethod.invoke(CachedMethod.java:93)
	at groovy.lang.MetaMethod.doMethodInvoke(MetaMethod.java:325)
	at groovy.lang.MetaClassImpl.invokeMethod(MetaClassImpl.java:1210)
	at groovy.lang.MetaClassImpl.invokeMethod(MetaClassImpl.java:1019)
	at groovy.lang.MetaClassImpl.invokeMethod(MetaClassImpl.java:1155)
	at groovy.lang.ExpandoMetaClass.invokeMethod(ExpandoMetaClass.java:1123)
	at groovy.lang.MetaClassImpl.invokeMethod(MetaClassImpl.java:1019)
	at org.codehaus.groovy.runtime.callsite.PogoMetaClassSite.callCurrent(PogoMetaClassSite.java:69)
	at org.codehaus.groovy.runtime.callsite.CallSiteArray.defaultCallCurrent(CallSiteArray.java:52)
	at org.codehaus.groovy.runtime.callsite.AbstractCallSite.callCurrent(AbstractCallSite.java:154)
	at org.codehaus.groovy.runtime.callsite.AbstractCallSite.callCurrent(AbstractCallSite.java:174)
	at org.codehaus.groovy.grails.cli.fork.ForkedGrailsProcess$_setupReloading_closure17.doCall(ForkedGrailsProcess.groovy:737)
	at org.codehaus.groovy.grails.cli.fork.ForkedGrailsProcess$_setupReloading_closure17.doCall(ForkedGrailsProcess.groovy)
	at sun.reflect.NativeMethodAccessorImpl.invoke0(Native Method)
	at sun.reflect.NativeMethodAccessorImpl.invoke(NativeMethodAccessorImpl.java:57)
	at sun.reflect.DelegatingMethodAccessorImpl.invoke(DelegatingMethodAccessorImpl.java:43)
	at java.lang.reflect.Method.invoke(Method.java:606)
	at org.springsource.loaded.ri.ReflectiveInterceptor.jlrMethodInvoke(ReflectiveInterceptor.java:1426)
	at org.codehaus.groovy.reflection.CachedMethod.invoke(CachedMethod.java:93)
	at groovy.lang.MetaMethod.doMethodInvoke(MetaMethod.java:325)
	at groovy.lang.MetaClassImpl.invokeMethod(MetaClassImpl.java:1210)
	at groovy.lang.ExpandoMetaClass.invokeMethod(ExpandoMetaClass.java:1123)
	at groovy.lang.MetaClassImpl.invokeMethod(MetaClassImpl.java:1019)
	at groovy.lang.Closure.call(Closure.java:426)
	at groovy.lang.Closure.call(Closure.java:420)
	at groovy.lang.Closure.run(Closure.java:507)
	at java.lang.Thread.run(Thread.java:745)
Caused by: org.springframework.beans.factory.BeanCreationException: Error creating bean with name '(inner bean)#588e78a1': Invocation of init method failed; nested exception is org.hibernate.MappingException: An association from the table address refers to an unmapped class: org.mycompany.Person
	at org.springframework.beans.factory.support.AbstractAutowireCapableBeanFactory.initializeBean(AbstractAutowireCapableBeanFactory.java:1574)
	at org.springframework.beans.factory.support.AbstractAutowireCapableBeanFactory.doCreateBean(AbstractAutowireCapableBeanFactory.java:539)
	at org.springframework.beans.factory.support.AbstractAutowireCapableBeanFactory.createBean(AbstractAutowireCapableBeanFactory.java:476)
	at org.springframework.beans.factory.support.BeanDefinitionValueResolver.resolveInnerBean(BeanDefinitionValueResolver.java:299)
	... 100 more
Caused by: org.hibernate.MappingException: An association from the table address refers to an unmapped class: org.mycompany.Person
	at org.hibernate.cfg.Configuration.secondPassCompileForeignKeys(Configuration.java:1807)
	at org.hibernate.cfg.Configuration.originalSecondPassCompile(Configuration.java:1741)
	at org.hibernate.cfg.Configuration.secondPassCompile(Configuration.java:1426)
	at org.codehaus.groovy.grails.orm.hibernate.cfg.GrailsAnnotationConfiguration.secondPassCompile(GrailsAnnotationConfiguration.java:173)
	at org.hibernate.cfg.Configuration.buildSessionFactory(Configuration.java:1846)
	at org.codehaus.groovy.grails.orm.hibernate.cfg.GrailsAnnotationConfiguration.buildSessionFactory(GrailsAnnotationConfiguration.java:372)
	at org.codehaus.groovy.grails.orm.hibernate.ConfigurableLocalSessionFactoryBean.doBuildSessionFactory(ConfigurableLocalSessionFactoryBean.java:479)
	at org.codehaus.groovy.grails.orm.hibernate.ConfigurableLocalSessionFactoryBean.buildSessionFactory(ConfigurableLocalSessionFactoryBean.java:473)
	at org.codehaus.groovy.grails.orm.hibernate.ConfigurableLocalSessionFactoryBean.afterPropertiesSet(ConfigurableLocalSessionFactoryBean.java:387)
	at org.springframework.beans.factory.support.AbstractAutowireCapableBeanFactory.invokeInitMethods(AbstractAutowireCapableBeanFactory.java:1633)
	at org.springframework.beans.factory.support.AbstractAutowireCapableBeanFactory.initializeBean(AbstractAutowireCapableBeanFactory.java:1570)
	... 103 more
2015-10-20 13:00:29,533 [Thread-12] ERROR StackTrace  - Full Stack Trace:
org.springframework.beans.factory.BeanCreationException: Error creating bean with name '(inner bean)#588e78a1': Invocation of init method failed; nested exception is org.hibernate.MappingException: An association from the table address refers to an unmapped class: org.mycompany.Person
	at org.springframework.beans.factory.support.AbstractAutowireCapableBeanFactory.initializeBean(AbstractAutowireCapableBeanFactory.java:1574)
	at org.springframework.beans.factory.support.AbstractAutowireCapableBeanFactory.doCreateBean(AbstractAutowireCapableBeanFactory.java:539)
	at org.springframework.beans.factory.support.AbstractAutowireCapableBeanFactory.createBean(AbstractAutowireCapableBeanFactory.java:476)
	at org.springframework.beans.factory.support.BeanDefinitionValueResolver.resolveInnerBean(BeanDefinitionValueResolver.java:299)
	at org.springframework.beans.factory.support.BeanDefinitionValueResolver.resolveValueIfNecessary(BeanDefinitionValueResolver.java:129)
	at org.springframework.beans.factory.support.AbstractAutowireCapableBeanFactory.applyPropertyValues(AbstractAutowireCapableBeanFactory.java:1477)
	at org.springframework.beans.factory.support.AbstractAutowireCapableBeanFactory.populateBean(AbstractAutowireCapableBeanFactory.java:1222)
	at org.springframework.beans.factory.support.AbstractAutowireCapableBeanFactory.doCreateBean(AbstractAutowireCapableBeanFactory.java:537)
	at org.springframework.beans.factory.support.AbstractAutowireCapableBeanFactory.createBean(AbstractAutowireCapableBeanFactory.java:476)
	at org.springframework.beans.factory.support.AbstractBeanFactory$1.getObject(AbstractBeanFactory.java:303)
	at org.springframework.beans.factory.support.DefaultSingletonBeanRegistry.getSingleton(DefaultSingletonBeanRegistry.java:230)
	at org.springframework.beans.factory.support.AbstractBeanFactory.doGetBean(AbstractBeanFactory.java:299)
	at org.springframework.beans.factory.support.AbstractBeanFactory.getBean(AbstractBeanFactory.java:199)
	at org.springframework.context.support.AbstractApplicationContext.getBean(AbstractApplicationContext.java:962)
	at org.codehaus.groovy.grails.orm.hibernate.SessionFactoryProxy.getCurrentSessionFactory(SessionFactoryProxy.java:126)
	at org.codehaus.groovy.grails.orm.hibernate.GrailsHibernateTemplate.<init>(GrailsHibernateTemplate.java:79)
	at org.codehaus.groovy.grails.orm.hibernate.GrailsHibernateTemplate.<init>(GrailsHibernateTemplate.java:98)
	at org.codehaus.groovy.grails.orm.hibernate.metaclass.AbstractStaticPersistentMethod.<init>(AbstractStaticPersistentMethod.java:59)
	at org.codehaus.groovy.grails.orm.hibernate.metaclass.AbstractClausedStaticPersistentMethod.<init>(AbstractClausedStaticPersistentMethod.java:402)
	at org.codehaus.groovy.grails.orm.hibernate.metaclass.FindAllByPersistentMethod.<init>(FindAllByPersistentMethod.java:63)
	at org.codehaus.groovy.grails.orm.hibernate.HibernateGormEnhancer.createDynamicFinders(HibernateGormEnhancer.groovy:53)
	at org.grails.datastore.gorm.GormEnhancer.getFinders(GormEnhancer.groovy:83)
	at org.codehaus.groovy.grails.orm.hibernate.AbstractHibernateGormEnhancer.<init>(AbstractHibernateGormEnhancer.groovy:45)
	at org.codehaus.groovy.grails.orm.hibernate.HibernateGormEnhancer.<init>(HibernateGormEnhancer.groovy:47)
	at org.codehaus.groovy.grails.orm.hibernate.cfg.HibernateUtils.enhanceSessionFactory(HibernateUtils.groovy:114)
	at org.codehaus.groovy.grails.orm.hibernate.cfg.HibernateUtils.enhanceSessionFactories(HibernateUtils.groovy:95)
	at org.codehaus.groovy.grails.orm.hibernate.cfg.HibernateUtils$enhanceSessionFactories$0.call(Unknown Source)
	at org.codehaus.groovy.runtime.callsite.CallSiteArray.defaultCall(CallSiteArray.java:48)
	at org.codehaus.groovy.runtime.callsite.AbstractCallSite.call(AbstractCallSite.java:113)
	at org.codehaus.groovy.runtime.callsite.AbstractCallSite.call(AbstractCallSite.java:141)
	at grails.plugin.hibernate4.HibernatePluginSupport$__clinit__closure2_closure13.doCall(HibernatePluginSupport.groovy:431)
	at grails.plugin.hibernate4.HibernatePluginSupport$__clinit__closure2_closure13.doCall(HibernatePluginSupport.groovy)
	at sun.reflect.NativeMethodAccessorImpl.invoke0(Native Method)
	at sun.reflect.NativeMethodAccessorImpl.invoke(NativeMethodAccessorImpl.java:57)
	at sun.reflect.DelegatingMethodAccessorImpl.invoke(DelegatingMethodAccessorImpl.java:43)
	at java.lang.reflect.Method.invoke(Method.java:606)
	at org.springsource.loaded.ri.ReflectiveInterceptor.jlrMethodInvoke(ReflectiveInterceptor.java:1426)
	at org.codehaus.groovy.runtime.callsite.PogoMetaMethodSite$PogoCachedMethodSiteNoUnwrapNoCoerce.invoke(PogoMetaMethodSite.java:210)
	at org.codehaus.groovy.runtime.callsite.PogoMetaMethodSite.call(PogoMetaMethodSite.java:71)
	at org.codehaus.groovy.runtime.callsite.CallSiteArray.defaultCall(CallSiteArray.java:48)
	at org.codehaus.groovy.runtime.callsite.AbstractCallSite.call(AbstractCallSite.java:113)
	at org.codehaus.groovy.runtime.callsite.AbstractCallSite.call(AbstractCallSite.java:117)
	at grails.plugin.hibernate4.HibernatePluginSupport$__clinit__closure2.doCall(HibernatePluginSupport.groovy:452)
	at sun.reflect.NativeMethodAccessorImpl.invoke0(Native Method)
	at sun.reflect.NativeMethodAccessorImpl.invoke(NativeMethodAccessorImpl.java:57)
	at sun.reflect.DelegatingMethodAccessorImpl.invoke(DelegatingMethodAccessorImpl.java:43)
	at java.lang.reflect.Method.invoke(Method.java:606)
	at org.springsource.loaded.ri.ReflectiveInterceptor.jlrMethodInvoke(ReflectiveInterceptor.java:1426)
	at org.codehaus.groovy.reflection.CachedMethod.invoke(CachedMethod.java:93)
	at groovy.lang.MetaMethod.doMethodInvoke(MetaMethod.java:325)
	at groovy.lang.MetaClassImpl.invokeMethod(MetaClassImpl.java:1210)
	at groovy.lang.ExpandoMetaClass.invokeMethod(ExpandoMetaClass.java:1123)
	at groovy.lang.MetaClassImpl.invokeMethod(MetaClassImpl.java:1019)
	at groovy.lang.Closure.call(Closure.java:426)
	at org.codehaus.groovy.grails.plugins.DefaultGrailsPlugin.invokeOnChangeListener(DefaultGrailsPlugin.java:767)
	at org.codehaus.groovy.grails.plugins.DefaultGrailsPlugin.notifyOfEvent(DefaultGrailsPlugin.java:716)
	at org.codehaus.groovy.grails.plugins.DefaultGrailsPluginManager.informObservers(DefaultGrailsPluginManager.java:242)
	at org.codehaus.groovy.grails.plugins.DefaultGrailsPlugin.notifyOfEvent(DefaultGrailsPlugin.java:732)
	at org.codehaus.groovy.grails.plugins.AbstractGrailsPluginManager.informOfClassChange(AbstractGrailsPluginManager.java:408)
	at org.codehaus.groovy.grails.plugins.AbstractGrailsPluginManager.informOfFileChange(AbstractGrailsPluginManager.java:366)
	at org.codehaus.groovy.grails.project.compiler.GrailsProjectWatcher.informPluginManager(GrailsProjectWatcher.java:226)
	at org.codehaus.groovy.grails.project.compiler.GrailsProjectWatcher.access$400(GrailsProjectWatcher.java:48)
	at org.codehaus.groovy.grails.project.compiler.GrailsProjectWatcher$1.onNew(GrailsProjectWatcher.java:152)
	at org.codehaus.groovy.grails.compiler.AbstractDirectoryWatcher.fireOnNew(AbstractDirectoryWatcher.java:76)
	at org.codehaus.groovy.grails.compiler.WatchServiceDirectoryWatcher.run(WatchServiceDirectoryWatcher.java:104)
	at org.codehaus.groovy.grails.compiler.DirectoryWatcher.run(DirectoryWatcher.java:154)
	at org.codehaus.groovy.grails.project.compiler.GrailsProjectWatcher.run(GrailsProjectWatcher.java:161)
	at java_lang_Runnable$run.call(Unknown Source)
	at org.codehaus.groovy.runtime.callsite.CallSiteArray.defaultCall(CallSiteArray.java:48)
	at org.codehaus.groovy.runtime.callsite.AbstractCallSite.call(AbstractCallSite.java:113)
	at org.codehaus.groovy.runtime.callsite.AbstractCallSite.call(AbstractCallSite.java:117)
	at org.codehaus.groovy.grails.cli.fork.ForkedGrailsProcess.startProjectWatcher(ForkedGrailsProcess.groovy:748)
	at sun.reflect.NativeMethodAccessorImpl.invoke0(Native Method)
	at sun.reflect.NativeMethodAccessorImpl.invoke(NativeMethodAccessorImpl.java:57)
	at sun.reflect.DelegatingMethodAccessorImpl.invoke(DelegatingMethodAccessorImpl.java:43)
	at java.lang.reflect.Method.invoke(Method.java:606)
	at org.springsource.loaded.ri.ReflectiveInterceptor.jlrMethodInvoke(ReflectiveInterceptor.java:1426)
	at org.codehaus.groovy.reflection.CachedMethod.invoke(CachedMethod.java:93)
	at groovy.lang.MetaMethod.doMethodInvoke(MetaMethod.java:325)
	at groovy.lang.MetaClassImpl.invokeMethod(MetaClassImpl.java:1210)
	at groovy.lang.MetaClassImpl.invokeMethod(MetaClassImpl.java:1019)
	at groovy.lang.MetaClassImpl.invokeMethod(MetaClassImpl.java:1155)
	at groovy.lang.ExpandoMetaClass.invokeMethod(ExpandoMetaClass.java:1123)
	at groovy.lang.MetaClassImpl.invokeMethod(MetaClassImpl.java:1019)
	at org.codehaus.groovy.runtime.callsite.PogoMetaClassSite.callCurrent(PogoMetaClassSite.java:69)
	at org.codehaus.groovy.runtime.callsite.CallSiteArray.defaultCallCurrent(CallSiteArray.java:52)
	at org.codehaus.groovy.runtime.callsite.AbstractCallSite.callCurrent(AbstractCallSite.java:154)
	at org.codehaus.groovy.runtime.callsite.AbstractCallSite.callCurrent(AbstractCallSite.java:174)
	at org.codehaus.groovy.grails.cli.fork.ForkedGrailsProcess$_setupReloading_closure17.doCall(ForkedGrailsProcess.groovy:737)
	at org.codehaus.groovy.grails.cli.fork.ForkedGrailsProcess$_setupReloading_closure17.doCall(ForkedGrailsProcess.groovy)
	at sun.reflect.NativeMethodAccessorImpl.invoke0(Native Method)
	at sun.reflect.NativeMethodAccessorImpl.invoke(NativeMethodAccessorImpl.java:57)
	at sun.reflect.DelegatingMethodAccessorImpl.invoke(DelegatingMethodAccessorImpl.java:43)
	at java.lang.reflect.Method.invoke(Method.java:606)
	at org.springsource.loaded.ri.ReflectiveInterceptor.jlrMethodInvoke(ReflectiveInterceptor.java:1426)
	at org.codehaus.groovy.reflection.CachedMethod.invoke(CachedMethod.java:93)
	at groovy.lang.MetaMethod.doMethodInvoke(MetaMethod.java:325)
	at groovy.lang.MetaClassImpl.invokeMethod(MetaClassImpl.java:1210)
	at groovy.lang.ExpandoMetaClass.invokeMethod(ExpandoMetaClass.java:1123)
	at groovy.lang.MetaClassImpl.invokeMethod(MetaClassImpl.java:1019)
	at groovy.lang.Closure.call(Closure.java:426)
	at groovy.lang.Closure.call(Closure.java:420)
	at groovy.lang.Closure.run(Closure.java:507)
	at java.lang.Thread.run(Thread.java:745)
Caused by: org.hibernate.MappingException: An association from the table address refers to an unmapped class: org.mycompany.Person
	at org.hibernate.cfg.Configuration.secondPassCompileForeignKeys(Configuration.java:1807)
	at org.hibernate.cfg.Configuration.originalSecondPassCompile(Configuration.java:1741)
	at org.hibernate.cfg.Configuration.secondPassCompile(Configuration.java:1426)
	at org.codehaus.groovy.grails.orm.hibernate.cfg.GrailsAnnotationConfiguration.secondPassCompile(GrailsAnnotationConfiguration.java:173)
	at org.hibernate.cfg.Configuration.buildSessionFactory(Configuration.java:1846)
	at org.codehaus.groovy.grails.orm.hibernate.cfg.GrailsAnnotationConfiguration.buildSessionFactory(GrailsAnnotationConfiguration.java:372)
	at org.codehaus.groovy.grails.orm.hibernate.ConfigurableLocalSessionFactoryBean.doBuildSessionFactory(ConfigurableLocalSessionFactoryBean.java:479)
	at org.codehaus.groovy.grails.orm.hibernate.ConfigurableLocalSessionFactoryBean.buildSessionFactory(ConfigurableLocalSessionFactoryBean.java:473)
	at org.codehaus.groovy.grails.orm.hibernate.ConfigurableLocalSessionFactoryBean.afterPropertiesSet(ConfigurableLocalSessionFactoryBean.java:387)
	at org.springframework.beans.factory.support.AbstractAutowireCapableBeanFactory.invokeInitMethods(AbstractAutowireCapableBeanFactory.java:1633)
	at org.springframework.beans.factory.support.AbstractAutowireCapableBeanFactory.initializeBean(AbstractAutowireCapableBeanFactory.java:1570)
	... 103 more
2015-10-20 13:00:29,534 [Thread-12] ERROR StackTrace  - Full Stack Trace:
org.hibernate.MappingException: An association from the table address refers to an unmapped class: org.mycompany.Person
	at org.hibernate.cfg.Configuration.secondPassCompileForeignKeys(Configuration.java:1807)
	at org.hibernate.cfg.Configuration.originalSecondPassCompile(Configuration.java:1741)
	at org.hibernate.cfg.Configuration.secondPassCompile(Configuration.java:1426)
	at org.codehaus.groovy.grails.orm.hibernate.cfg.GrailsAnnotationConfiguration.secondPassCompile(GrailsAnnotationConfiguration.java:173)
	at org.hibernate.cfg.Configuration.buildSessionFactory(Configuration.java:1846)
	at org.codehaus.groovy.grails.orm.hibernate.cfg.GrailsAnnotationConfiguration.buildSessionFactory(GrailsAnnotationConfiguration.java:372)
	at org.codehaus.groovy.grails.orm.hibernate.ConfigurableLocalSessionFactoryBean.doBuildSessionFactory(ConfigurableLocalSessionFactoryBean.java:479)
	at org.codehaus.groovy.grails.orm.hibernate.ConfigurableLocalSessionFactoryBean.buildSessionFactory(ConfigurableLocalSessionFactoryBean.java:473)
	at org.codehaus.groovy.grails.orm.hibernate.ConfigurableLocalSessionFactoryBean.afterPropertiesSet(ConfigurableLocalSessionFactoryBean.java:387)
	at org.springframework.beans.factory.support.AbstractAutowireCapableBeanFactory.invokeInitMethods(AbstractAutowireCapableBeanFactory.java:1633)
	at org.springframework.beans.factory.support.AbstractAutowireCapableBeanFactory.initializeBean(AbstractAutowireCapableBeanFactory.java:1570)
	at org.springframework.beans.factory.support.AbstractAutowireCapableBeanFactory.doCreateBean(AbstractAutowireCapableBeanFactory.java:539)
	at org.springframework.beans.factory.support.AbstractAutowireCapableBeanFactory.createBean(AbstractAutowireCapableBeanFactory.java:476)
	at org.springframework.beans.factory.support.BeanDefinitionValueResolver.resolveInnerBean(BeanDefinitionValueResolver.java:299)
	at org.springframework.beans.factory.support.BeanDefinitionValueResolver.resolveValueIfNecessary(BeanDefinitionValueResolver.java:129)
	at org.springframework.beans.factory.support.AbstractAutowireCapableBeanFactory.applyPropertyValues(AbstractAutowireCapableBeanFactory.java:1477)
	at org.springframework.beans.factory.support.AbstractAutowireCapableBeanFactory.populateBean(AbstractAutowireCapableBeanFactory.java:1222)
	at org.springframework.beans.factory.support.AbstractAutowireCapableBeanFactory.doCreateBean(AbstractAutowireCapableBeanFactory.java:537)
	at org.springframework.beans.factory.support.AbstractAutowireCapableBeanFactory.createBean(AbstractAutowireCapableBeanFactory.java:476)
	at org.springframework.beans.factory.support.AbstractBeanFactory$1.getObject(AbstractBeanFactory.java:303)
	at org.springframework.beans.factory.support.DefaultSingletonBeanRegistry.getSingleton(DefaultSingletonBeanRegistry.java:230)
	at org.springframework.beans.factory.support.AbstractBeanFactory.doGetBean(AbstractBeanFactory.java:299)
	at org.springframework.beans.factory.support.AbstractBeanFactory.getBean(AbstractBeanFactory.java:199)
	at org.springframework.context.support.AbstractApplicationContext.getBean(AbstractApplicationContext.java:962)
	at org.codehaus.groovy.grails.orm.hibernate.SessionFactoryProxy.getCurrentSessionFactory(SessionFactoryProxy.java:126)
	at org.codehaus.groovy.grails.orm.hibernate.GrailsHibernateTemplate.<init>(GrailsHibernateTemplate.java:79)
	at org.codehaus.groovy.grails.orm.hibernate.GrailsHibernateTemplate.<init>(GrailsHibernateTemplate.java:98)
	at org.codehaus.groovy.grails.orm.hibernate.metaclass.AbstractStaticPersistentMethod.<init>(AbstractStaticPersistentMethod.java:59)
	at org.codehaus.groovy.grails.orm.hibernate.metaclass.AbstractClausedStaticPersistentMethod.<init>(AbstractClausedStaticPersistentMethod.java:402)
	at org.codehaus.groovy.grails.orm.hibernate.metaclass.FindAllByPersistentMethod.<init>(FindAllByPersistentMethod.java:63)
	at org.codehaus.groovy.grails.orm.hibernate.HibernateGormEnhancer.createDynamicFinders(HibernateGormEnhancer.groovy:53)
	at org.grails.datastore.gorm.GormEnhancer.getFinders(GormEnhancer.groovy:83)
	at org.codehaus.groovy.grails.orm.hibernate.AbstractHibernateGormEnhancer.<init>(AbstractHibernateGormEnhancer.groovy:45)
	at org.codehaus.groovy.grails.orm.hibernate.HibernateGormEnhancer.<init>(HibernateGormEnhancer.groovy:47)
	at org.codehaus.groovy.grails.orm.hibernate.cfg.HibernateUtils.enhanceSessionFactory(HibernateUtils.groovy:114)
	at org.codehaus.groovy.grails.orm.hibernate.cfg.HibernateUtils.enhanceSessionFactories(HibernateUtils.groovy:95)
	at org.codehaus.groovy.grails.orm.hibernate.cfg.HibernateUtils$enhanceSessionFactories$0.call(Unknown Source)
	at org.codehaus.groovy.runtime.callsite.CallSiteArray.defaultCall(CallSiteArray.java:48)
	at org.codehaus.groovy.runtime.callsite.AbstractCallSite.call(AbstractCallSite.java:113)
	at org.codehaus.groovy.runtime.callsite.AbstractCallSite.call(AbstractCallSite.java:141)
	at grails.plugin.hibernate4.HibernatePluginSupport$__clinit__closure2_closure13.doCall(HibernatePluginSupport.groovy:431)
	at grails.plugin.hibernate4.HibernatePluginSupport$__clinit__closure2_closure13.doCall(HibernatePluginSupport.groovy)
	at sun.reflect.NativeMethodAccessorImpl.invoke0(Native Method)
	at sun.reflect.NativeMethodAccessorImpl.invoke(NativeMethodAccessorImpl.java:57)
	at sun.reflect.DelegatingMethodAccessorImpl.invoke(DelegatingMethodAccessorImpl.java:43)
	at java.lang.reflect.Method.invoke(Method.java:606)
	at org.springsource.loaded.ri.ReflectiveInterceptor.jlrMethodInvoke(ReflectiveInterceptor.java:1426)
	at org.codehaus.groovy.runtime.callsite.PogoMetaMethodSite$PogoCachedMethodSiteNoUnwrapNoCoerce.invoke(PogoMetaMethodSite.java:210)
	at org.codehaus.groovy.runtime.callsite.PogoMetaMethodSite.call(PogoMetaMethodSite.java:71)
	at org.codehaus.groovy.runtime.callsite.CallSiteArray.defaultCall(CallSiteArray.java:48)
	at org.codehaus.groovy.runtime.callsite.AbstractCallSite.call(AbstractCallSite.java:113)
	at org.codehaus.groovy.runtime.callsite.AbstractCallSite.call(AbstractCallSite.java:117)
	at grails.plugin.hibernate4.HibernatePluginSupport$__clinit__closure2.doCall(HibernatePluginSupport.groovy:452)
	at sun.reflect.NativeMethodAccessorImpl.invoke0(Native Method)
	at sun.reflect.NativeMethodAccessorImpl.invoke(NativeMethodAccessorImpl.java:57)
	at sun.reflect.DelegatingMethodAccessorImpl.invoke(DelegatingMethodAccessorImpl.java:43)
	at java.lang.reflect.Method.invoke(Method.java:606)
	at org.springsource.loaded.ri.ReflectiveInterceptor.jlrMethodInvoke(ReflectiveInterceptor.java:1426)
	at org.codehaus.groovy.reflection.CachedMethod.invoke(CachedMethod.java:93)
	at groovy.lang.MetaMethod.doMethodInvoke(MetaMethod.java:325)
	at groovy.lang.MetaClassImpl.invokeMethod(MetaClassImpl.java:1210)
	at groovy.lang.ExpandoMetaClass.invokeMethod(ExpandoMetaClass.java:1123)
	at groovy.lang.MetaClassImpl.invokeMethod(MetaClassImpl.java:1019)
	at groovy.lang.Closure.call(Closure.java:426)
	at org.codehaus.groovy.grails.plugins.DefaultGrailsPlugin.invokeOnChangeListener(DefaultGrailsPlugin.java:767)
	at org.codehaus.groovy.grails.plugins.DefaultGrailsPlugin.notifyOfEvent(DefaultGrailsPlugin.java:716)
	at org.codehaus.groovy.grails.plugins.DefaultGrailsPluginManager.informObservers(DefaultGrailsPluginManager.java:242)
	at org.codehaus.groovy.grails.plugins.DefaultGrailsPlugin.notifyOfEvent(DefaultGrailsPlugin.java:732)
	at org.codehaus.groovy.grails.plugins.AbstractGrailsPluginManager.informOfClassChange(AbstractGrailsPluginManager.java:408)
	at org.codehaus.groovy.grails.plugins.AbstractGrailsPluginManager.informOfFileChange(AbstractGrailsPluginManager.java:366)
	at org.codehaus.groovy.grails.project.compiler.GrailsProjectWatcher.informPluginManager(GrailsProjectWatcher.java:226)
	at org.codehaus.groovy.grails.project.compiler.GrailsProjectWatcher.access$400(GrailsProjectWatcher.java:48)
	at org.codehaus.groovy.grails.project.compiler.GrailsProjectWatcher$1.onNew(GrailsProjectWatcher.java:152)
	at org.codehaus.groovy.grails.compiler.AbstractDirectoryWatcher.fireOnNew(AbstractDirectoryWatcher.java:76)
	at org.codehaus.groovy.grails.compiler.WatchServiceDirectoryWatcher.run(WatchServiceDirectoryWatcher.java:104)
	at org.codehaus.groovy.grails.compiler.DirectoryWatcher.run(DirectoryWatcher.java:154)
	at org.codehaus.groovy.grails.project.compiler.GrailsProjectWatcher.run(GrailsProjectWatcher.java:161)
	at java_lang_Runnable$run.call(Unknown Source)
	at org.codehaus.groovy.runtime.callsite.CallSiteArray.defaultCall(CallSiteArray.java:48)
	at org.codehaus.groovy.runtime.callsite.AbstractCallSite.call(AbstractCallSite.java:113)
	at org.codehaus.groovy.runtime.callsite.AbstractCallSite.call(AbstractCallSite.java:117)
	at org.codehaus.groovy.grails.cli.fork.ForkedGrailsProcess.startProjectWatcher(ForkedGrailsProcess.groovy:748)
	at sun.reflect.NativeMethodAccessorImpl.invoke0(Native Method)
	at sun.reflect.NativeMethodAccessorImpl.invoke(NativeMethodAccessorImpl.java:57)
	at sun.reflect.DelegatingMethodAccessorImpl.invoke(DelegatingMethodAccessorImpl.java:43)
	at java.lang.reflect.Method.invoke(Method.java:606)
	at org.springsource.loaded.ri.ReflectiveInterceptor.jlrMethodInvoke(ReflectiveInterceptor.java:1426)
	at org.codehaus.groovy.reflection.CachedMethod.invoke(CachedMethod.java:93)
	at groovy.lang.MetaMethod.doMethodInvoke(MetaMethod.java:325)
	at groovy.lang.MetaClassImpl.invokeMethod(MetaClassImpl.java:1210)
	at groovy.lang.MetaClassImpl.invokeMethod(MetaClassImpl.java:1019)
	at groovy.lang.MetaClassImpl.invokeMethod(MetaClassImpl.java:1155)
	at groovy.lang.ExpandoMetaClass.invokeMethod(ExpandoMetaClass.java:1123)
	at groovy.lang.MetaClassImpl.invokeMethod(MetaClassImpl.java:1019)
	at org.codehaus.groovy.runtime.callsite.PogoMetaClassSite.callCurrent(PogoMetaClassSite.java:69)
	at org.codehaus.groovy.runtime.callsite.CallSiteArray.defaultCallCurrent(CallSiteArray.java:52)
	at org.codehaus.groovy.runtime.callsite.AbstractCallSite.callCurrent(AbstractCallSite.java:154)
	at org.codehaus.groovy.runtime.callsite.AbstractCallSite.callCurrent(AbstractCallSite.java:174)
	at org.codehaus.groovy.grails.cli.fork.ForkedGrailsProcess$_setupReloading_closure17.doCall(ForkedGrailsProcess.groovy:737)
	at org.codehaus.groovy.grails.cli.fork.ForkedGrailsProcess$_setupReloading_closure17.doCall(ForkedGrailsProcess.groovy)
	at sun.reflect.NativeMethodAccessorImpl.invoke0(Native Method)
	at sun.reflect.NativeMethodAccessorImpl.invoke(NativeMethodAccessorImpl.java:57)
	at sun.reflect.DelegatingMethodAccessorImpl.invoke(DelegatingMethodAccessorImpl.java:43)
	at java.lang.reflect.Method.invoke(Method.java:606)
	at org.springsource.loaded.ri.ReflectiveInterceptor.jlrMethodInvoke(ReflectiveInterceptor.java:1426)
	at org.codehaus.groovy.reflection.CachedMethod.invoke(CachedMethod.java:93)
	at groovy.lang.MetaMethod.doMethodInvoke(MetaMethod.java:325)
	at groovy.lang.MetaClassImpl.invokeMethod(MetaClassImpl.java:1210)
	at groovy.lang.ExpandoMetaClass.invokeMethod(ExpandoMetaClass.java:1123)
	at groovy.lang.MetaClassImpl.invokeMethod(MetaClassImpl.java:1019)
	at groovy.lang.Closure.call(Closure.java:426)
	at groovy.lang.Closure.call(Closure.java:420)
	at groovy.lang.Closure.run(Closure.java:507)
	at java.lang.Thread.run(Thread.java:745)
2015-10-20 13:00:29,535 [Thread-12] ERROR StackTrace  - Full Stack Trace:
org.springframework.beans.factory.BeanCreationException: Error creating bean with name 'org.grails.internal.SESSION_FACTORY_HOLDER': Cannot create inner bean '(inner bean)#588e78a1' of type [org.codehaus.groovy.grails.orm.hibernate.ConfigurableLocalSessionFactoryBean] while setting bean property 'sessionFactory'; nested exception is org.springframework.beans.factory.BeanCreationException: Error creating bean with name '(inner bean)#588e78a1': Invocation of init method failed; nested exception is org.hibernate.MappingException: An association from the table address refers to an unmapped class: org.mycompany.Person
	at org.grails.datastore.gorm.GormEnhancer.getFinders(GormEnhancer.groovy:83)
	at grails.plugin.hibernate4.HibernatePluginSupport$__clinit__closure2_closure13.doCall(HibernatePluginSupport.groovy:431)
	at grails.plugin.hibernate4.HibernatePluginSupport$__clinit__closure2.doCall(HibernatePluginSupport.groovy:452)
	at java.lang.Thread.run(Thread.java:745)
Caused by: org.springframework.beans.factory.BeanCreationException: Error creating bean with name '(inner bean)#588e78a1': Invocation of init method failed; nested exception is org.hibernate.MappingException: An association from the table address refers to an unmapped class: org.mycompany.Person
	... 4 more
Caused by: org.hibernate.MappingException: An association from the table address refers to an unmapped class: org.mycompany.Person
	... 4 more
2015-10-20 13:00:29,536 [Thread-12] ERROR StackTrace  - Full Stack Trace:
org.springframework.beans.factory.BeanCreationException: Error creating bean with name 'org.grails.internal.SESSION_FACTORY_HOLDER': Cannot create inner bean '(inner bean)#588e78a1' of type [org.codehaus.groovy.grails.orm.hibernate.ConfigurableLocalSessionFactoryBean] while setting bean property 'sessionFactory'; nested exception is org.springframework.beans.factory.BeanCreationException: Error creating bean with name '(inner bean)#588e78a1': Invocation of init method failed; nested exception is org.hibernate.MappingException: An association from the table address refers to an unmapped class: org.mycompany.Person
	at org.grails.datastore.gorm.GormEnhancer.getFinders(GormEnhancer.groovy:83)
	at grails.plugin.hibernate4.HibernatePluginSupport$__clinit__closure2_closure13.doCall(HibernatePluginSupport.groovy:431)
	at grails.plugin.hibernate4.HibernatePluginSupport$__clinit__closure2.doCall(HibernatePluginSupport.groovy:452)
	at java.lang.Thread.run(Thread.java:745)
Caused by: org.springframework.beans.factory.BeanCreationException: Error creating bean with name '(inner bean)#588e78a1': Invocation of init method failed; nested exception is org.hibernate.MappingException: An association from the table address refers to an unmapped class: org.mycompany.Person
	... 4 more
Caused by: org.hibernate.MappingException: An association from the table address refers to an unmapped class: org.mycompany.Person
	... 4 more
2015-10-20 13:00:29,536 [Thread-12] ERROR StackTrace  - Full Stack Trace:
org.springframework.beans.factory.BeanCreationException: Error creating bean with name '(inner bean)#588e78a1': Invocation of init method failed; nested exception is org.hibernate.MappingException: An association from the table address refers to an unmapped class: org.mycompany.Person
	at org.grails.datastore.gorm.GormEnhancer.getFinders(GormEnhancer.groovy:83)
	at grails.plugin.hibernate4.HibernatePluginSupport$__clinit__closure2_closure13.doCall(HibernatePluginSupport.groovy:431)
	at grails.plugin.hibernate4.HibernatePluginSupport$__clinit__closure2.doCall(HibernatePluginSupport.groovy:452)
	at java.lang.Thread.run(Thread.java:745)
Caused by: org.hibernate.MappingException: An association from the table address refers to an unmapped class: org.mycompany.Person
	... 4 more
2015-10-20 13:00:29,536 [Thread-12] ERROR StackTrace  - Full Stack Trace:
org.hibernate.MappingException: An association from the table address refers to an unmapped class: org.mycompany.Person
	at org.grails.datastore.gorm.GormEnhancer.getFinders(GormEnhancer.groovy:83)
	at grails.plugin.hibernate4.HibernatePluginSupport$__clinit__closure2_closure13.doCall(HibernatePluginSupport.groovy:431)
	at grails.plugin.hibernate4.HibernatePluginSupport$__clinit__closure2.doCall(HibernatePluginSupport.groovy:452)
	at java.lang.Thread.run(Thread.java:745)
2015-10-20 13:00:29,536 [Thread-12] ERROR StackTrace  - Full Stack Trace:
org.springframework.beans.factory.BeanCreationException: Error creating bean with name 'org.grails.internal.SESSION_FACTORY_HOLDER': Cannot create inner bean '(inner bean)#588e78a1' of type [org.codehaus.groovy.grails.orm.hibernate.ConfigurableLocalSessionFactoryBean] while setting bean property 'sessionFactory'; nested exception is org.springframework.beans.factory.BeanCreationException: Error creating bean with name '(inner bean)#588e78a1': Invocation of init method failed; nested exception is org.hibernate.MappingException: An association from the table address refers to an unmapped class: org.mycompany.Person
	at org.grails.datastore.gorm.GormEnhancer.getFinders(GormEnhancer.groovy:83)
	at grails.plugin.hibernate4.HibernatePluginSupport$__clinit__closure2_closure13.doCall(HibernatePluginSupport.groovy:431)
	at grails.plugin.hibernate4.HibernatePluginSupport$__clinit__closure2.doCall(HibernatePluginSupport.groovy:452)
	at java.lang.Thread.run(Thread.java:745)
Caused by: org.springframework.beans.factory.BeanCreationException: Error creating bean with name '(inner bean)#588e78a1': Invocation of init method failed; nested exception is org.hibernate.MappingException: An association from the table address refers to an unmapped class: org.mycompany.Person
	... 4 more
Caused by: org.hibernate.MappingException: An association from the table address refers to an unmapped class: org.mycompany.Person
	... 4 more
2015-10-21 09:12:47,103 [http-bio-8080-exec-3] ERROR StackTrace  - Full Stack Trace:
java.lang.RuntimeException: org.springframework.beans.factory.BeanCreationException: Error creating bean with name 'org.grails.internal.SESSION_FACTORY_HOLDER': Cannot create inner bean '(inner bean)#588e78a1' of type [org.codehaus.groovy.grails.orm.hibernate.ConfigurableLocalSessionFactoryBean] while setting bean property 'sessionFactory'; nested exception is org.springframework.beans.factory.BeanCreationException: Error creating bean with name '(inner bean)#588e78a1': Invocation of init method failed; nested exception is org.hibernate.MappingException: An association from the table address refers to an unmapped class: org.mycompany.Person
	at org.codehaus.groovy.grails.web.mapping.filter.UrlMappingsFilter.checkDevelopmentReloadingState(UrlMappingsFilter.java:374)
	at org.codehaus.groovy.grails.web.mapping.filter.UrlMappingsFilter.doFilterInternal(UrlMappingsFilter.java:206)
	at org.springframework.web.filter.OncePerRequestFilter.doFilter(OncePerRequestFilter.java:107)
	at org.apache.catalina.core.ApplicationFilterChain.internalDoFilter(ApplicationFilterChain.java:241)
	at org.apache.catalina.core.ApplicationFilterChain.doFilter(ApplicationFilterChain.java:208)
	at org.codehaus.groovy.grails.web.servlet.mvc.GrailsWebRequestFilter.doFilterInternal(GrailsWebRequestFilter.java:69)
	at org.springframework.web.filter.OncePerRequestFilter.doFilter(OncePerRequestFilter.java:107)
	at org.apache.catalina.core.ApplicationFilterChain.internalDoFilter(ApplicationFilterChain.java:241)
	at org.apache.catalina.core.ApplicationFilterChain.doFilter(ApplicationFilterChain.java:208)
	at org.codehaus.groovy.grails.web.filters.HiddenHttpMethodFilter.doFilterInternal(HiddenHttpMethodFilter.java:67)
	at org.springframework.web.filter.OncePerRequestFilter.doFilter(OncePerRequestFilter.java:107)
	at org.apache.catalina.core.ApplicationFilterChain.internalDoFilter(ApplicationFilterChain.java:241)
	at org.apache.catalina.core.ApplicationFilterChain.doFilter(ApplicationFilterChain.java:208)
	at org.springframework.web.filter.CharacterEncodingFilter.doFilterInternal(CharacterEncodingFilter.java:85)
	at org.springframework.web.filter.OncePerRequestFilter.doFilter(OncePerRequestFilter.java:107)
	at org.springframework.web.filter.DelegatingFilterProxy.invokeDelegate(DelegatingFilterProxy.java:344)
	at org.springframework.web.filter.DelegatingFilterProxy.doFilter(DelegatingFilterProxy.java:261)
	at org.apache.catalina.core.ApplicationFilterChain.internalDoFilter(ApplicationFilterChain.java:241)
	at org.apache.catalina.core.ApplicationFilterChain.doFilter(ApplicationFilterChain.java:208)
	at org.apache.catalina.core.StandardWrapperValve.invoke(StandardWrapperValve.java:220)
	at org.apache.catalina.core.StandardContextValve.invoke(StandardContextValve.java:122)
	at org.apache.catalina.core.StandardHostValve.invoke(StandardHostValve.java:171)
	at org.apache.catalina.valves.ErrorReportValve.invoke(ErrorReportValve.java:103)
	at org.apache.catalina.core.StandardEngineValve.invoke(StandardEngineValve.java:116)
	at org.apache.catalina.connector.CoyoteAdapter.service(CoyoteAdapter.java:408)
	at org.apache.coyote.http11.AbstractHttp11Processor.process(AbstractHttp11Processor.java:1070)
	at org.apache.coyote.AbstractProtocol$AbstractConnectionHandler.process(AbstractProtocol.java:611)
	at org.apache.tomcat.util.net.JIoEndpoint$SocketProcessor.run(JIoEndpoint.java:316)
	at java.util.concurrent.ThreadPoolExecutor.runWorker(ThreadPoolExecutor.java:1145)
	at java.util.concurrent.ThreadPoolExecutor$Worker.run(ThreadPoolExecutor.java:615)
	at org.apache.tomcat.util.threads.TaskThread$WrappingRunnable.run(TaskThread.java:61)
	at java.lang.Thread.run(Thread.java:745)
Caused by: org.springframework.beans.factory.BeanCreationException: Error creating bean with name 'org.grails.internal.SESSION_FACTORY_HOLDER': Cannot create inner bean '(inner bean)#588e78a1' of type [org.codehaus.groovy.grails.orm.hibernate.ConfigurableLocalSessionFactoryBean] while setting bean property 'sessionFactory'; nested exception is org.springframework.beans.factory.BeanCreationException: Error creating bean with name '(inner bean)#588e78a1': Invocation of init method failed; nested exception is org.hibernate.MappingException: An association from the table address refers to an unmapped class: org.mycompany.Person
	at org.grails.datastore.gorm.GormEnhancer.getFinders(GormEnhancer.groovy:83)
	at grails.plugin.hibernate4.HibernatePluginSupport$__clinit__closure2_closure13.doCall(HibernatePluginSupport.groovy:431)
	at grails.plugin.hibernate4.HibernatePluginSupport$__clinit__closure2.doCall(HibernatePluginSupport.groovy:452)
	... 1 more
Caused by: org.springframework.beans.factory.BeanCreationException: Error creating bean with name '(inner bean)#588e78a1': Invocation of init method failed; nested exception is org.hibernate.MappingException: An association from the table address refers to an unmapped class: org.mycompany.Person
	... 4 more
Caused by: org.hibernate.MappingException: An association from the table address refers to an unmapped class: org.mycompany.Person
	... 4 more
2015-10-21 09:12:47,114 [http-bio-8080-exec-3] ERROR StackTrace  - Full Stack Trace:
org.springframework.beans.factory.BeanCreationException: Error creating bean with name 'org.grails.internal.SESSION_FACTORY_HOLDER': Cannot create inner bean '(inner bean)#588e78a1' of type [org.codehaus.groovy.grails.orm.hibernate.ConfigurableLocalSessionFactoryBean] while setting bean property 'sessionFactory'; nested exception is org.springframework.beans.factory.BeanCreationException: Error creating bean with name '(inner bean)#588e78a1': Invocation of init method failed; nested exception is org.hibernate.MappingException: An association from the table address refers to an unmapped class: org.mycompany.Person
	at org.grails.datastore.gorm.GormEnhancer.getFinders(GormEnhancer.groovy:83)
	at grails.plugin.hibernate4.HibernatePluginSupport$__clinit__closure2_closure13.doCall(HibernatePluginSupport.groovy:431)
	at grails.plugin.hibernate4.HibernatePluginSupport$__clinit__closure2.doCall(HibernatePluginSupport.groovy:452)
	at java.lang.Thread.run(Thread.java:745)
Caused by: org.springframework.beans.factory.BeanCreationException: Error creating bean with name '(inner bean)#588e78a1': Invocation of init method failed; nested exception is org.hibernate.MappingException: An association from the table address refers to an unmapped class: org.mycompany.Person
	... 4 more
Caused by: org.hibernate.MappingException: An association from the table address refers to an unmapped class: org.mycompany.Person
	... 4 more
2015-10-21 09:12:47,115 [http-bio-8080-exec-3] ERROR StackTrace  - Full Stack Trace:
org.springframework.beans.factory.BeanCreationException: Error creating bean with name '(inner bean)#588e78a1': Invocation of init method failed; nested exception is org.hibernate.MappingException: An association from the table address refers to an unmapped class: org.mycompany.Person
	at org.grails.datastore.gorm.GormEnhancer.getFinders(GormEnhancer.groovy:83)
	at grails.plugin.hibernate4.HibernatePluginSupport$__clinit__closure2_closure13.doCall(HibernatePluginSupport.groovy:431)
	at grails.plugin.hibernate4.HibernatePluginSupport$__clinit__closure2.doCall(HibernatePluginSupport.groovy:452)
	at java.lang.Thread.run(Thread.java:745)
Caused by: org.hibernate.MappingException: An association from the table address refers to an unmapped class: org.mycompany.Person
	... 4 more
2015-10-21 09:12:47,115 [http-bio-8080-exec-3] ERROR StackTrace  - Full Stack Trace:
org.hibernate.MappingException: An association from the table address refers to an unmapped class: org.mycompany.Person
	at org.grails.datastore.gorm.GormEnhancer.getFinders(GormEnhancer.groovy:83)
	at grails.plugin.hibernate4.HibernatePluginSupport$__clinit__closure2_closure13.doCall(HibernatePluginSupport.groovy:431)
	at grails.plugin.hibernate4.HibernatePluginSupport$__clinit__closure2.doCall(HibernatePluginSupport.groovy:452)
	at java.lang.Thread.run(Thread.java:745)
2015-10-21 09:12:47,115 [http-bio-8080-exec-3] ERROR StackTrace  - Full Stack Trace:
java.lang.RuntimeException: org.springframework.beans.factory.BeanCreationException: Error creating bean with name 'org.grails.internal.SESSION_FACTORY_HOLDER': Cannot create inner bean '(inner bean)#588e78a1' of type [org.codehaus.groovy.grails.orm.hibernate.ConfigurableLocalSessionFactoryBean] while setting bean property 'sessionFactory'; nested exception is org.springframework.beans.factory.BeanCreationException: Error creating bean with name '(inner bean)#588e78a1': Invocation of init method failed; nested exception is org.hibernate.MappingException: An association from the table address refers to an unmapped class: org.mycompany.Person
	at java.util.concurrent.ThreadPoolExecutor.runWorker(ThreadPoolExecutor.java:1145)
	at java.util.concurrent.ThreadPoolExecutor$Worker.run(ThreadPoolExecutor.java:615)
	at java.lang.Thread.run(Thread.java:745)
Caused by: org.springframework.beans.factory.BeanCreationException: Error creating bean with name 'org.grails.internal.SESSION_FACTORY_HOLDER': Cannot create inner bean '(inner bean)#588e78a1' of type [org.codehaus.groovy.grails.orm.hibernate.ConfigurableLocalSessionFactoryBean] while setting bean property 'sessionFactory'; nested exception is org.springframework.beans.factory.BeanCreationException: Error creating bean with name '(inner bean)#588e78a1': Invocation of init method failed; nested exception is org.hibernate.MappingException: An association from the table address refers to an unmapped class: org.mycompany.Person
	at org.grails.datastore.gorm.GormEnhancer.getFinders(GormEnhancer.groovy:83)
	at grails.plugin.hibernate4.HibernatePluginSupport$__clinit__closure2_closure13.doCall(HibernatePluginSupport.groovy:431)
	at grails.plugin.hibernate4.HibernatePluginSupport$__clinit__closure2.doCall(HibernatePluginSupport.groovy:452)
	... 1 more
Caused by: org.springframework.beans.factory.BeanCreationException: Error creating bean with name '(inner bean)#588e78a1': Invocation of init method failed; nested exception is org.hibernate.MappingException: An association from the table address refers to an unmapped class: org.mycompany.Person
	... 4 more
Caused by: org.hibernate.MappingException: An association from the table address refers to an unmapped class: org.mycompany.Person
	... 4 more
2015-10-21 09:12:47,189 [http-bio-8080-exec-3] ERROR StackTrace  - Full Stack Trace:
java.lang.RuntimeException: org.springframework.beans.factory.BeanCreationException: Error creating bean with name 'org.grails.internal.SESSION_FACTORY_HOLDER': Cannot create inner bean '(inner bean)#588e78a1' of type [org.codehaus.groovy.grails.orm.hibernate.ConfigurableLocalSessionFactoryBean] while setting bean property 'sessionFactory'; nested exception is org.springframework.beans.factory.BeanCreationException: Error creating bean with name '(inner bean)#588e78a1': Invocation of init method failed; nested exception is org.hibernate.MappingException: An association from the table address refers to an unmapped class: org.mycompany.Person
	at java.util.concurrent.ThreadPoolExecutor.runWorker(ThreadPoolExecutor.java:1145)
	at java.util.concurrent.ThreadPoolExecutor$Worker.run(ThreadPoolExecutor.java:615)
	at java.lang.Thread.run(Thread.java:745)
Caused by: org.springframework.beans.factory.BeanCreationException: Error creating bean with name 'org.grails.internal.SESSION_FACTORY_HOLDER': Cannot create inner bean '(inner bean)#588e78a1' of type [org.codehaus.groovy.grails.orm.hibernate.ConfigurableLocalSessionFactoryBean] while setting bean property 'sessionFactory'; nested exception is org.springframework.beans.factory.BeanCreationException: Error creating bean with name '(inner bean)#588e78a1': Invocation of init method failed; nested exception is org.hibernate.MappingException: An association from the table address refers to an unmapped class: org.mycompany.Person
	at org.grails.datastore.gorm.GormEnhancer.getFinders(GormEnhancer.groovy:83)
	at grails.plugin.hibernate4.HibernatePluginSupport$__clinit__closure2_closure13.doCall(HibernatePluginSupport.groovy:431)
	at grails.plugin.hibernate4.HibernatePluginSupport$__clinit__closure2.doCall(HibernatePluginSupport.groovy:452)
	... 1 more
Caused by: org.springframework.beans.factory.BeanCreationException: Error creating bean with name '(inner bean)#588e78a1': Invocation of init method failed; nested exception is org.hibernate.MappingException: An association from the table address refers to an unmapped class: org.mycompany.Person
	... 4 more
Caused by: org.hibernate.MappingException: An association from the table address refers to an unmapped class: org.mycompany.Person
	... 4 more
2015-10-21 09:12:47,189 [http-bio-8080-exec-3] ERROR StackTrace  - Full Stack Trace:
org.springframework.beans.factory.BeanCreationException: Error creating bean with name 'org.grails.internal.SESSION_FACTORY_HOLDER': Cannot create inner bean '(inner bean)#588e78a1' of type [org.codehaus.groovy.grails.orm.hibernate.ConfigurableLocalSessionFactoryBean] while setting bean property 'sessionFactory'; nested exception is org.springframework.beans.factory.BeanCreationException: Error creating bean with name '(inner bean)#588e78a1': Invocation of init method failed; nested exception is org.hibernate.MappingException: An association from the table address refers to an unmapped class: org.mycompany.Person
	at org.grails.datastore.gorm.GormEnhancer.getFinders(GormEnhancer.groovy:83)
	at grails.plugin.hibernate4.HibernatePluginSupport$__clinit__closure2_closure13.doCall(HibernatePluginSupport.groovy:431)
	at grails.plugin.hibernate4.HibernatePluginSupport$__clinit__closure2.doCall(HibernatePluginSupport.groovy:452)
	at java.lang.Thread.run(Thread.java:745)
Caused by: org.springframework.beans.factory.BeanCreationException: Error creating bean with name '(inner bean)#588e78a1': Invocation of init method failed; nested exception is org.hibernate.MappingException: An association from the table address refers to an unmapped class: org.mycompany.Person
	... 4 more
Caused by: org.hibernate.MappingException: An association from the table address refers to an unmapped class: org.mycompany.Person
	... 4 more
2015-10-21 09:12:47,189 [http-bio-8080-exec-3] ERROR StackTrace  - Full Stack Trace:
org.springframework.beans.factory.BeanCreationException: Error creating bean with name '(inner bean)#588e78a1': Invocation of init method failed; nested exception is org.hibernate.MappingException: An association from the table address refers to an unmapped class: org.mycompany.Person
	at org.grails.datastore.gorm.GormEnhancer.getFinders(GormEnhancer.groovy:83)
	at grails.plugin.hibernate4.HibernatePluginSupport$__clinit__closure2_closure13.doCall(HibernatePluginSupport.groovy:431)
	at grails.plugin.hibernate4.HibernatePluginSupport$__clinit__closure2.doCall(HibernatePluginSupport.groovy:452)
	at java.lang.Thread.run(Thread.java:745)
Caused by: org.hibernate.MappingException: An association from the table address refers to an unmapped class: org.mycompany.Person
	... 4 more
2015-10-21 09:12:47,190 [http-bio-8080-exec-3] ERROR StackTrace  - Full Stack Trace:
org.hibernate.MappingException: An association from the table address refers to an unmapped class: org.mycompany.Person
	at org.grails.datastore.gorm.GormEnhancer.getFinders(GormEnhancer.groovy:83)
	at grails.plugin.hibernate4.HibernatePluginSupport$__clinit__closure2_closure13.doCall(HibernatePluginSupport.groovy:431)
	at grails.plugin.hibernate4.HibernatePluginSupport$__clinit__closure2.doCall(HibernatePluginSupport.groovy:452)
	at java.lang.Thread.run(Thread.java:745)
2015-10-21 09:12:47,190 [http-bio-8080-exec-3] ERROR StackTrace  - Full Stack Trace:
java.lang.RuntimeException: org.springframework.beans.factory.BeanCreationException: Error creating bean with name 'org.grails.internal.SESSION_FACTORY_HOLDER': Cannot create inner bean '(inner bean)#588e78a1' of type [org.codehaus.groovy.grails.orm.hibernate.ConfigurableLocalSessionFactoryBean] while setting bean property 'sessionFactory'; nested exception is org.springframework.beans.factory.BeanCreationException: Error creating bean with name '(inner bean)#588e78a1': Invocation of init method failed; nested exception is org.hibernate.MappingException: An association from the table address refers to an unmapped class: org.mycompany.Person
	at java.util.concurrent.ThreadPoolExecutor.runWorker(ThreadPoolExecutor.java:1145)
	at java.util.concurrent.ThreadPoolExecutor$Worker.run(ThreadPoolExecutor.java:615)
	at java.lang.Thread.run(Thread.java:745)
Caused by: org.springframework.beans.factory.BeanCreationException: Error creating bean with name 'org.grails.internal.SESSION_FACTORY_HOLDER': Cannot create inner bean '(inner bean)#588e78a1' of type [org.codehaus.groovy.grails.orm.hibernate.ConfigurableLocalSessionFactoryBean] while setting bean property 'sessionFactory'; nested exception is org.springframework.beans.factory.BeanCreationException: Error creating bean with name '(inner bean)#588e78a1': Invocation of init method failed; nested exception is org.hibernate.MappingException: An association from the table address refers to an unmapped class: org.mycompany.Person
	at org.grails.datastore.gorm.GormEnhancer.getFinders(GormEnhancer.groovy:83)
	at grails.plugin.hibernate4.HibernatePluginSupport$__clinit__closure2_closure13.doCall(HibernatePluginSupport.groovy:431)
	at grails.plugin.hibernate4.HibernatePluginSupport$__clinit__closure2.doCall(HibernatePluginSupport.groovy:452)
	... 1 more
Caused by: org.springframework.beans.factory.BeanCreationException: Error creating bean with name '(inner bean)#588e78a1': Invocation of init method failed; nested exception is org.hibernate.MappingException: An association from the table address refers to an unmapped class: org.mycompany.Person
	... 4 more
Caused by: org.hibernate.MappingException: An association from the table address refers to an unmapped class: org.mycompany.Person
	... 4 more
